<?xml version="1.0" encoding="UTF-8"?>
<!-- Generated by org.testng.reporters.JUnitXMLReporter -->
<testsuite hostname="sandipku" name="Test" tests="2" failures="0" timestamp="10 Feb 2017 07:11:02 GMT" time="4.829" errors="0">
  <testcase name="@BeforeTest setupTest" time="0.0" classname="example.IEtest">
    <failure type="org.openqa.selenium.remote.SessionNotFoundException" message="Unexpected error launching Internet Explorer. Protected Mode settings are not the same for all zones. Enable Protected Mode must be set to the same value (enabled or disabled) for all zones. (WARNING: The server did not provide any stacktrace information)
Command duration or timeout: 1.16 seconds
Build info: version: &amp;apos;2.47.1&amp;apos;, revision: &amp;apos;unknown&amp;apos;, time: &amp;apos;2015-07-30 11:02:44&amp;apos;
System info: host: &amp;apos;sandipku&amp;apos;, ip: &amp;apos;10.161.140.159&amp;apos;, os.name: &amp;apos;Windows 8.1&amp;apos;, os.arch: &amp;apos;amd64&amp;apos;, os.version: &amp;apos;6.3&amp;apos;, java.version: &amp;apos;1.7.0_79&amp;apos;
Driver info: org.openqa.selenium.ie.InternetExplorerDriver">
      <![CDATA[org.openqa.selenium.remote.SessionNotFoundException: Unexpected error launching Internet Explorer. Protected Mode settings are not the same for all zones. Enable Protected Mode must be set to the same value (enabled or disabled) for all zones. (WARNING: The server did not provide any stacktrace information)
Command duration or timeout: 1.16 seconds
Build info: version: '2.47.1', revision: 'unknown', time: '2015-07-30 11:02:44'
System info: host: 'sandipku', ip: '10.161.140.159', os.name: 'Windows 8.1', os.arch: 'amd64', os.version: '6.3', java.version: '1.7.0_79'
Driver info: org.openqa.selenium.ie.InternetExplorerDriver
	at org.openqa.selenium.remote.ErrorHandler.createThrowable(ErrorHandler.java:206)
	at org.openqa.selenium.remote.ErrorHandler.throwIfResponseFailed(ErrorHandler.java:164)
	at org.openqa.selenium.remote.RemoteWebDriver.execute(RemoteWebDriver.java:595)
	at org.openqa.selenium.remote.RemoteWebDriver.startSession(RemoteWebDriver.java:242)
	at org.openqa.selenium.remote.RemoteWebDriver.startSession(RemoteWebDriver.java:227)
	at org.openqa.selenium.ie.InternetExplorerDriver.run(InternetExplorerDriver.java:182)
	at org.openqa.selenium.ie.InternetExplorerDriver.<init>(InternetExplorerDriver.java:174)
	at org.openqa.selenium.ie.InternetExplorerDriver.<init>(InternetExplorerDriver.java:146)
	at example.IEtest.setupTest(IEtest.java:32)
... Removed 35 stack frames]]>
    </failure>
  </testcase> <!-- @BeforeTest setupTest -->
  <testcase name="@BeforeTest beforeTest" time="0.0" classname="example.IEtest">
    <skipped/>
  </testcase> <!-- @BeforeTest beforeTest -->
  <testcase name="@BeforeClass setupClass" time="0.0" classname="example.NewTest">
    <skipped/>
  </testcase> <!-- @BeforeClass setupClass -->
  <testcase name="@BeforeClass setupClass" time="0.0" classname="example.IEtest">
    <skipped/>
  </testcase> <!-- @BeforeClass setupClass -->
  <testcase name="@AfterClass teardown" time="0.0" classname="example.IEtest">
    <skipped/>
  </testcase> <!-- @AfterClass teardown -->
  <testcase name="@AfterTest afterTest" time="0.0" classname="example.NewTest">
    <skipped/>
  </testcase> <!-- @AfterTest afterTest -->
  <testcase name="testEasy" time="0.0" classname="example.NewTest">
    <skipped/>
  </testcase> <!-- testEasy -->
  <testcase name="test" time="0.0" classname="example.IEtest">
    <skipped/>
  </testcase> <!-- test -->
</testsuite> <!-- Test -->
