<?xml version="1.0" encoding="UTF-8"?>
<testsuite name="TestSuite" time="5.066" tests="8" errors="0" skipped="7" failures="1">
  <properties>
[...]
</properties>
  <testcase name="setupTest" classname="example.IEtest" time="5.066">
    <failure message="Unexpected error launching Internet Explorer. Protected Mode settings are not the same for all zones. Enable Protected Mode must be set to the same value (enabled or disabled) for all zones. (WARNING: The server did not provide any stacktrace information)&#10;Command duration or timeout: 1.16 seconds&#10;Build info: version: &apos;2.47.1&apos;, revision: &apos;unknown&apos;, time: &apos;2015-07-30 11:02:44&apos;&#10;System info: host: &apos;sandipku&apos;, ip: &apos;10.161.140.159&apos;, os.name: &apos;Windows 8.1&apos;, os.arch: &apos;amd64&apos;, os.version: &apos;6.3&apos;, java.version: &apos;1.7.0_79&apos;&#10;Driver info: org.openqa.selenium.ie.InternetExplorerDriver" type="org.openqa.selenium.remote.SessionNotFoundException"><![CDATA[org.openqa.selenium.remote.SessionNotFoundException: Unexpected error launching Internet Explorer. Protected Mode settings are not the same for all zones. Enable Protected Mode must be set to the same value (enabled or disabled) for all zones. (WARNING: The server did not provide any stacktrace information)
Command duration or timeout: 1.16 seconds
Build info: version: '2.47.1', revision: 'unknown', time: '2015-07-30 11:02:44'
System info: host: 'sandipku', ip: '10.161.140.159', os.name: 'Windows 8.1', os.arch: 'amd64', os.version: '6.3', java.version: '1.7.0_79'
Driver info: org.openqa.selenium.ie.InternetExplorerDriver
	at sun.reflect.NativeConstructorAccessorImpl.newInstance0(Native Method)
	at sun.reflect.NativeConstructorAccessorImpl.newInstance(NativeConstructorAccessorImpl.java:57)
	at sun.reflect.DelegatingConstructorAccessorImpl.newInstance(DelegatingConstructorAccessorImpl.java:45)
	at java.lang.reflect.Constructor.newInstance(Constructor.java:526)
	at org.openqa.selenium.remote.ErrorHandler.createThrowable(ErrorHandler.java:206)
	at org.openqa.selenium.remote.ErrorHandler.throwIfResponseFailed(ErrorHandler.java:164)
	at org.openqa.selenium.remote.RemoteWebDriver.execute(RemoteWebDriver.java:595)
	at org.openqa.selenium.remote.RemoteWebDriver.startSession(RemoteWebDriver.java:242)
	at org.openqa.selenium.remote.RemoteWebDriver.startSession(RemoteWebDriver.java:227)
	at org.openqa.selenium.ie.InternetExplorerDriver.run(InternetExplorerDriver.java:182)
	at org.openqa.selenium.ie.InternetExplorerDriver.<init>(InternetExplorerDriver.java:174)
	at org.openqa.selenium.ie.InternetExplorerDriver.<init>(InternetExplorerDriver.java:146)
	at example.IEtest.setupTest(IEtest.java:32)
]]></failure>
    <system-err>SLF4J: Failed to load class "org.slf4j.impl.StaticLoggerBinder".
SLF4J: Defaulting to no-operation (NOP) logger implementation
SLF4J: See http://www.slf4j.org/codes.html#StaticLoggerBinder for further details.
Started InternetExplorerDriver server (64-bit)
3.0.0.0
Listening on port 41225
Only local connections are allowed
</system-err>
  </testcase>
  <testcase name="beforeTest" classname="example.IEtest" time="0">
    <skipped/>
  </testcase>
  <testcase name="setupClass" classname="example.NewTest" time="0">
    <skipped/>
  </testcase>
  <testcase name="testEasy" classname="example.NewTest" time="0">
    <skipped/>
  </testcase>
  <testcase name="setupClass" classname="example.IEtest" time="0">
    <skipped/>
  </testcase>
  <testcase name="test" classname="example.IEtest" time="0">
    <skipped/>
  </testcase>
  <testcase name="teardown" classname="example.IEtest" time="0">
    <skipped/>
  </testcase>
  <testcase name="afterTest" classname="example.NewTest" time="0">
    <skipped/>
  </testcase>
</testsuite>